[30-Jul-2025 04:14:31 Europe/Berlin] PHP Fatal error:  Uncaught mysqli_sql_exception: Cannot add or update a child row: a foreign key constraint fails (`liyag_batangan`.`vendor_account`, CONSTRAINT `vendor_account_ibfk_1` FOREIGN KEY (`vendor_id`) REFERENCES `users` (`user_id`)) in C:\xampp2\htdocs\liyag_batangan\create_b.php:76
Stack trace:
#0 C:\xampp2\htdocs\liyag_batangan\create_b.php(76): mysqli->query('INSERT INTO ven...')
#1 {main}
  thrown in C:\xampp2\htdocs\liyag_batangan\create_b.php on line 76
[30-Jul-2025 07:13:54 Europe/Berlin] PHP Fatal error:  Uncaught mysqli_sql_exception: Cannot add or update a child row: a foreign key constraint fails (`liyag_batangan`.`vendor_account`, CONSTRAINT `vendor_account_ibfk_1` FOREIGN KEY (`vendor_id`) REFERENCES `users` (`user_id`)) in C:\xampp2\htdocs\liyag_batangan\create_business.php:111
Stack trace:
#0 C:\xampp2\htdocs\liyag_batangan\create_business.php(111): mysqli_stmt->execute()
#1 {main}
  thrown in C:\xampp2\htdocs\liyag_batangan\create_business.php on line 111
[30-Jul-2025 07:31:17 Europe/Berlin] PHP Fatal error:  Uncaught mysqli_sql_exception: Cannot add or update a child row: a foreign key constraint fails (`liyag_batangan`.`vendor_account`, CONSTRAINT `vendor_account_ibfk_1` FOREIGN KEY (`vendor_id`) REFERENCES `users` (`user_id`)) in C:\xampp2\htdocs\liyag_batangan\create_b2.php:111
Stack trace:
#0 C:\xampp2\htdocs\liyag_batangan\create_b2.php(111): mysqli_stmt->execute()
#1 {main}
  thrown in C:\xampp2\htdocs\liyag_batangan\create_b2.php on line 111
[30-Jul-2025 07:33:59 Europe/Berlin] PHP Fatal error:  Uncaught mysqli_sql_exception: Cannot add or update a child row: a foreign key constraint fails (`liyag_batangan`.`vendor_account`, CONSTRAINT `vendor_account_ibfk_1` FOREIGN KEY (`vendor_id`) REFERENCES `users` (`user_id`)) in C:\xampp2\htdocs\liyag_batangan\create_b2.php:111
Stack trace:
#0 C:\xampp2\htdocs\liyag_batangan\create_b2.php(111): mysqli_stmt->execute()
#1 {main}
  thrown in C:\xampp2\htdocs\liyag_batangan\create_b2.php on line 111
[30-Jul-2025 07:37:58 Europe/Berlin] PHP Fatal error:  Uncaught mysqli_sql_exception: Cannot add or update a child row: a foreign key constraint fails (`liyag_batangan`.`vendor_account`, CONSTRAINT `vendor_account_ibfk_1` FOREIGN KEY (`vendor_id`) REFERENCES `users` (`user_id`)) in C:\xampp2\htdocs\liyag_batangan\create_b2.php:113
Stack trace:
#0 C:\xampp2\htdocs\liyag_batangan\create_b2.php(113): mysqli_stmt->execute()
#1 {main}
  thrown in C:\xampp2\htdocs\liyag_batangan\create_b2.php on line 113
[30-Jul-2025 07:43:17 Europe/Berlin] PHP Fatal error:  Uncaught mysqli_sql_exception: Cannot add or update a child row: a foreign key constraint fails (`liyag_batangan`.`vendor_account`, CONSTRAINT `vendor_account_ibfk_1` FOREIGN KEY (`vendor_id`) REFERENCES `users` (`user_id`)) in C:\xampp2\htdocs\liyag_batangan\create_b2.php:113
Stack trace:
#0 C:\xampp2\htdocs\liyag_batangan\create_b2.php(113): mysqli_stmt->execute()
#1 {main}
  thrown in C:\xampp2\htdocs\liyag_batangan\create_b2.php on line 113
[30-Jul-2025 07:43:57 Europe/Berlin] PHP Fatal error:  Uncaught mysqli_sql_exception: Cannot add or update a child row: a foreign key constraint fails (`liyag_batangan`.`vendor_account`, CONSTRAINT `vendor_account_ibfk_1` FOREIGN KEY (`vendor_id`) REFERENCES `users` (`user_id`)) in C:\xampp2\htdocs\liyag_batangan\create_b2.php:113
Stack trace:
#0 C:\xampp2\htdocs\liyag_batangan\create_b2.php(113): mysqli_stmt->execute()
#1 {main}
  thrown in C:\xampp2\htdocs\liyag_batangan\create_b2.php on line 113
[30-Jul-2025 07:50:06 Europe/Berlin] PHP Fatal error:  Uncaught mysqli_sql_exception: Cannot add or update a child row: a foreign key constraint fails (`liyag_batangan`.`vendor_account`, CONSTRAINT `vendor_account_ibfk_1` FOREIGN KEY (`vendor_id`) REFERENCES `users` (`user_id`)) in C:\xampp2\htdocs\liyag_batangan\create_b2.php:112
Stack trace:
#0 C:\xampp2\htdocs\liyag_batangan\create_b2.php(112): mysqli_stmt->execute()
#1 {main}
  thrown in C:\xampp2\htdocs\liyag_batangan\create_b2.php on line 112
[30-Jul-2025 07:52:35 Europe/Berlin] PHP Fatal error:  Uncaught mysqli_sql_exception: Cannot add or update a child row: a foreign key constraint fails (`liyag_batangan`.`vendor_account`, CONSTRAINT `vendor_account_ibfk_1` FOREIGN KEY (`vendor_id`) REFERENCES `users` (`user_id`)) in C:\xampp2\htdocs\liyag_batangan\create_b2.php:102
Stack trace:
#0 C:\xampp2\htdocs\liyag_batangan\create_b2.php(102): mysqli_stmt->execute()
#1 {main}
  thrown in C:\xampp2\htdocs\liyag_batangan\create_b2.php on line 102
[30-Jul-2025 07:56:03 Europe/Berlin] PHP Fatal error:  Uncaught ArgumentCountError: The number of elements in the type definition string must match the number of bind variables in C:\xampp2\htdocs\liyag_batangan\create_b2.php:97
Stack trace:
#0 C:\xampp2\htdocs\liyag_batangan\create_b2.php(97): mysqli_stmt->bind_param('issss', 33, 'Batangas', 'hagsc', 'Batangas State ...', 'uploads/busines...', 'uploads/busines...')
#1 {main}
  thrown in C:\xampp2\htdocs\liyag_batangan\create_b2.php on line 97
[30-Jul-2025 07:59:44 Europe/Berlin] PHP Fatal error:  Uncaught mysqli_sql_exception: Cannot add or update a child row: a foreign key constraint fails (`liyag_batangan`.`vendor_account`, CONSTRAINT `vendor_account_ibfk_1` FOREIGN KEY (`vendor_id`) REFERENCES `users` (`user_id`)) in C:\xampp2\htdocs\liyag_batangan\create_b2.php:110
Stack trace:
#0 C:\xampp2\htdocs\liyag_batangan\create_b2.php(110): mysqli_stmt->execute()
#1 {main}
  thrown in C:\xampp2\htdocs\liyag_batangan\create_b2.php on line 110
